<?xml version="1.0" encoding="UTF-8"?>
<coverage generated="1643115072957" clover="3.2.0">
  <project timestamp="1643115072957" name="All files">
    <metrics statements="7" coveredstatements="7" conditionals="0" coveredconditionals="0" methods="2" coveredmethods="2" elements="9" coveredelements="9" complexity="0" loc="7" ncloc="7" packages="1" files="1" classes="1"/>
    <file name="FilterSentence.vue" path="/home/tahiche/Escritorio/EOI/frontend/Storybook/simple_example/src/components/FilterSentence/FilterSentence.vue">
      <metrics statements="7" coveredstatements="7" conditionals="0" coveredconditionals="0" methods="2" coveredmethods="2"/>
      <line num="28" count="1" type="stmt"/>
      <line num="61" count="5" type="stmt"/>
      <line num="67" count="7" type="stmt"/>
      <line num="68" count="7" type="stmt"/>
      <line num="69" count="7" type="stmt"/>
      <line num="70" count="13" type="stmt"/>
      <line num="72" count="7" type="stmt"/>
    </file>
  </project>
</coverage>
