{"/home/tahiche/Escritorio/EOI/frontend/Storybook/simple_example/src/components/FilterSentence/FilterSentence.vue": {"path":"/home/tahiche/Escritorio/EOI/frontend/Storybook/simple_example/src/components/FilterSentence/FilterSentence.vue","statementMap":{"0":{"start":{"line":28,"column":15},"end":{"line":28,"column":null}},"1":{"start":{"line":61,"column":4},"end":{"line":61,"column":11}},"2":{"start":{"line":67,"column":30},"end":{"line":67,"column":31}},"3":{"start":{"line":68,"column":6},"end":{"line":68,"column":11}},"4":{"start":{"line":69,"column":6},"end":{"line":71,"column":null}},"5":{"start":{"line":70,"column":8},"end":{"line":70,"column":13}},"6":{"start":{"line":72,"column":6},"end":{"line":72,"column":11}}},"fnMap":{"0":{"name":"(anonymous_0)","decl":{"start":{"line":60,"column":2},"end":{"line":60,"column":6}},"loc":{"start":{"line":60,"column":9},"end":{"line":64,"column":null}}},"1":{"name":"(anonymous_1)","decl":{"start":{"line":66,"column":4},"end":{"line":66,"column":18}},"loc":{"start":{"line":66,"column":22},"end":{"line":73,"column":null}}}},"branchMap":{},"s":{"0":1,"1":5,"2":7,"3":7,"4":7,"5":13,"6":7},"f":{"0":5,"1":7},"b":{}}
}
